<?xml version="1.0" encoding="UTF-8"?>
<!-- Generated by org.testng.reporters.JUnitXMLReporter -->
<testsuite ignored="0" hostname="LAPTOP-POCHI3TQ" failures="0" tests="8" name="Default test" time="17.761" errors="0" timestamp="2023-10-26T18:19:25 IST">
  <testcase classname="com.gumtree.tests.HomeTest" name="testCompanyLogo" time="0.106"/>
  <testcase classname="com.gumtree.tests.HomeTest" name="testSearchBox" time="0.036"/>
  <testcase classname="com.gumtree.tests.HomeTest" name="testLoginAndRegister" time="0.038"/>
  <testcase classname="com.gumtree.tests.HomeTest" name="testTopLocations" time="0.056"/>
  <testcase classname="com.gumtree.tests.HomeTest" name="testAboutUs" time="0.046"/>
  <testcase classname="com.gumtree.tests.HomeTest" name="testAcceptButton" time="0.159"/>
  <testcase classname="com.gumtree.tests.HomeTest" name="testAboutUsLink" time="6.044"/>
  <testcase classname="com.gumtree.tests.HomeTest" name="testAboutUsPage" time="0.03"/>
</testsuite> <!-- Default test -->
