<?xml version="1.0" encoding="UTF-8"?>
<!-- Generated by org.testng.reporters.JUnitXMLReporter -->
<testsuite ignored="0" hostname="LAPTOP-POCHI3TQ" failures="0" tests="9" name="Default test" time="69.762" errors="0" timestamp="2023-11-08T17:49:16 IST">
  <testcase classname="com.gumtree.tests.PetsTest" name="testPets" time="35.524"/>
  <testcase classname="com.gumtree.tests.PetsTest" name="testPetMissingPage" time="0.029"/>
  <testcase classname="com.gumtree.tests.PetsTest" name="testLocation" time="6.227"/>
  <testcase classname="com.gumtree.tests.PetsTest" name="testLocationPage" time="0.03"/>
  <testcase classname="com.gumtree.tests.PetsTest" name="testGingerTomCat" time="21.418"/>
  <testcase classname="com.gumtree.tests.PetsTest" name="testGingerTomCatPage" time="0.012"/>
  <testcase classname="com.gumtree.tests.PetsTest" name="testNextButton" time="0.138"/>
  <testcase classname="com.gumtree.tests.PetsTest" name="testAdId" time="0.185"/>
  <testcase classname="com.gumtree.tests.PetsTest" name="testFacebook" time="0.156"/>
</testsuite> <!-- Default test -->
