<?xml version="1.0" encoding="UTF-8"?>
<testng-results ignored="0" total="15" passed="15" failed="0" skipped="0">
  <reporter-output>
  </reporter-output>
  <suite started-at="2023-11-03T17:57:04 IST" name="Default suite" finished-at="2023-11-03T17:58:38 IST" duration-ms="93726">
    <groups>
    </groups>
    <test started-at="2023-11-03T17:57:04 IST" name="Default test" finished-at="2023-11-03T17:58:38 IST" duration-ms="93726">
      <class name="com.gumtree.tests.PropertyTest">
        <test-method is-config="true" signature="setUp()[pri:0, instance:com.gumtree.tests.PropertyTest@6bbe85a8]" started-at="2023-11-03T17:57:04 IST" name="setUp" finished-at="2023-11-03T17:57:11 IST" duration-ms="6676" status="PASS">
          <reporter-output>
          </reporter-output>
        </test-method> <!-- setUp -->
        <test-method signature="testProperty()[pri:1, instance:com.gumtree.tests.PropertyTest@6bbe85a8]" started-at="2023-11-03T17:57:11 IST" name="testProperty" finished-at="2023-11-03T17:57:47 IST" duration-ms="35833" status="PASS">
          <reporter-output>
          </reporter-output>
        </test-method> <!-- testProperty -->
        <test-method signature="testInternationalPage()[pri:2, instance:com.gumtree.tests.PropertyTest@6bbe85a8]" started-at="2023-11-03T17:57:47 IST" name="testInternationalPage" finished-at="2023-11-03T17:57:47 IST" duration-ms="19" status="PASS">
          <reporter-output>
          </reporter-output>
        </test-method> <!-- testInternationalPage -->
        <test-method signature="testchooseDistance()[pri:3, instance:com.gumtree.tests.PropertyTest@6bbe85a8]" started-at="2023-11-03T17:57:47 IST" name="testchooseDistance" finished-at="2023-11-03T17:57:47 IST" duration-ms="166" status="PASS">
          <reporter-output>
          </reporter-output>
        </test-method> <!-- testchooseDistance -->
        <test-method signature="testselectDistance()[pri:4, instance:com.gumtree.tests.PropertyTest@6bbe85a8]" started-at="2023-11-03T17:57:47 IST" name="testselectDistance" finished-at="2023-11-03T17:57:47 IST" duration-ms="116" status="PASS">
          <reporter-output>
          </reporter-output>
        </test-method> <!-- testselectDistance -->
        <test-method signature="testUpadateDistance()[pri:5, instance:com.gumtree.tests.PropertyTest@6bbe85a8]" started-at="2023-11-03T17:57:47 IST" name="testUpadateDistance" finished-at="2023-11-03T17:58:11 IST" duration-ms="24496" status="PASS">
          <reporter-output>
          </reporter-output>
        </test-method> <!-- testUpadateDistance -->
        <test-method signature="testDistancePage()[pri:6, instance:com.gumtree.tests.PropertyTest@6bbe85a8]" started-at="2023-11-03T17:58:11 IST" name="testDistancePage" finished-at="2023-11-03T17:58:11 IST" duration-ms="26" status="PASS">
          <reporter-output>
          </reporter-output>
        </test-method> <!-- testDistancePage -->
        <test-method signature="testMin()[pri:7, instance:com.gumtree.tests.PropertyTest@6bbe85a8]" started-at="2023-11-03T17:58:11 IST" name="testMin" finished-at="2023-11-03T17:58:12 IST" duration-ms="202" status="PASS">
          <reporter-output>
          </reporter-output>
        </test-method> <!-- testMin -->
        <test-method signature="testMinPrice()[pri:8, instance:com.gumtree.tests.PropertyTest@6bbe85a8]" started-at="2023-11-03T17:58:12 IST" name="testMinPrice" finished-at="2023-11-03T17:58:12 IST" duration-ms="176" status="PASS">
          <reporter-output>
          </reporter-output>
        </test-method> <!-- testMinPrice -->
        <test-method signature="testMax()[pri:9, instance:com.gumtree.tests.PropertyTest@6bbe85a8]" started-at="2023-11-03T17:58:12 IST" name="testMax" finished-at="2023-11-03T17:58:12 IST" duration-ms="260" status="PASS">
          <reporter-output>
          </reporter-output>
        </test-method> <!-- testMax -->
        <test-method signature="testMaxPrice()[pri:10, instance:com.gumtree.tests.PropertyTest@6bbe85a8]" started-at="2023-11-03T17:58:12 IST" name="testMaxPrice" finished-at="2023-11-03T17:58:12 IST" duration-ms="59" status="PASS">
          <reporter-output>
          </reporter-output>
        </test-method> <!-- testMaxPrice -->
        <test-method signature="testUpdate()[pri:11, instance:com.gumtree.tests.PropertyTest@6bbe85a8]" started-at="2023-11-03T17:58:12 IST" name="testUpdate" finished-at="2023-11-03T17:58:16 IST" duration-ms="3990" status="PASS">
          <reporter-output>
          </reporter-output>
        </test-method> <!-- testUpdate -->
        <test-method signature="testPricePage()[pri:12, instance:com.gumtree.tests.PropertyTest@6bbe85a8]" started-at="2023-11-03T17:58:16 IST" name="testPricePage" finished-at="2023-11-03T17:58:16 IST" duration-ms="44" status="PASS">
          <reporter-output>
          </reporter-output>
        </test-method> <!-- testPricePage -->
        <test-method signature="testHouseGarden()[pri:13, instance:com.gumtree.tests.PropertyTest@6bbe85a8]" started-at="2023-11-03T17:58:16 IST" name="testHouseGarden" finished-at="2023-11-03T17:58:38 IST" duration-ms="21248" status="PASS">
          <reporter-output>
          </reporter-output>
        </test-method> <!-- testHouseGarden -->
        <test-method signature="testHouseGardenPage()[pri:14, instance:com.gumtree.tests.PropertyTest@6bbe85a8]" started-at="2023-11-03T17:58:38 IST" name="testHouseGardenPage" finished-at="2023-11-03T17:58:38 IST" duration-ms="9" status="PASS">
          <reporter-output>
          </reporter-output>
        </test-method> <!-- testHouseGardenPage -->
        <test-method signature="testFavourite()[pri:15, instance:com.gumtree.tests.PropertyTest@6bbe85a8]" started-at="2023-11-03T17:58:38 IST" name="testFavourite" finished-at="2023-11-03T17:58:38 IST" duration-ms="71" status="PASS">
          <reporter-output>
          </reporter-output>
        </test-method> <!-- testFavourite -->
        <test-method is-config="true" signature="tearDown()[pri:0, instance:com.gumtree.tests.PropertyTest@6bbe85a8]" started-at="2023-11-03T17:58:38 IST" name="tearDown" finished-at="2023-11-03T17:58:38 IST" duration-ms="215" status="PASS">
          <reporter-output>
          </reporter-output>
        </test-method> <!-- tearDown -->
      </class> <!-- com.gumtree.tests.PropertyTest -->
    </test> <!-- Default test -->
  </suite> <!-- Default suite -->
</testng-results>
