<?xml version="1.0" encoding="UTF-8"?>
<testng-results ignored="0" total="7" passed="7" failed="0" skipped="0">
  <reporter-output>
  </reporter-output>
  <suite started-at="2023-10-27T17:11:47 IST" name="Default suite" finished-at="2023-10-27T17:13:32 IST" duration-ms="104752">
    <groups>
    </groups>
    <test started-at="2023-10-27T17:11:47 IST" name="Default test" finished-at="2023-10-27T17:13:32 IST" duration-ms="104752">
      <class name="com.gumtree.tests.LoginTest">
        <test-method is-config="true" signature="setUp()[pri:0, instance:com.gumtree.tests.LoginTest@75d3a5e0]" started-at="2023-10-27T17:11:47 IST" name="setUp" finished-at="2023-10-27T17:11:54 IST" duration-ms="6955" status="PASS">
          <reporter-output>
          </reporter-output>
        </test-method> <!-- setUp -->
        <test-method signature="testAcceptButton()[pri:1, instance:com.gumtree.tests.LoginTest@75d3a5e0]" started-at="2023-10-27T17:11:54 IST" name="testAcceptButton" finished-at="2023-10-27T17:11:54 IST" duration-ms="168" status="PASS">
          <reporter-output>
          </reporter-output>
        </test-method> <!-- testAcceptButton -->
        <test-method signature="testLogin()[pri:2, instance:com.gumtree.tests.LoginTest@75d3a5e0]" started-at="2023-10-27T17:11:54 IST" name="testLogin" finished-at="2023-10-27T17:12:11 IST" duration-ms="16563" status="PASS">
          <reporter-output>
          </reporter-output>
        </test-method> <!-- testLogin -->
        <test-method signature="testLoginPage()[pri:3, instance:com.gumtree.tests.LoginTest@75d3a5e0]" started-at="2023-10-27T17:12:11 IST" name="testLoginPage" finished-at="2023-10-27T17:12:11 IST" duration-ms="19" status="PASS">
          <reporter-output>
          </reporter-output>
        </test-method> <!-- testLoginPage -->
        <test-method signature="testEmail()[pri:4, instance:com.gumtree.tests.LoginTest@75d3a5e0]" started-at="2023-10-27T17:12:11 IST" name="testEmail" finished-at="2023-10-27T17:12:31 IST" duration-ms="20215" status="PASS">
          <reporter-output>
          </reporter-output>
        </test-method> <!-- testEmail -->
        <test-method signature="testPassword()[pri:5, instance:com.gumtree.tests.LoginTest@75d3a5e0]" started-at="2023-10-27T17:12:31 IST" name="testPassword" finished-at="2023-10-27T17:12:51 IST" duration-ms="20213" status="PASS">
          <reporter-output>
          </reporter-output>
        </test-method> <!-- testPassword -->
        <test-method signature="testLoginButton()[pri:6, instance:com.gumtree.tests.LoginTest@75d3a5e0]" started-at="2023-10-27T17:12:51 IST" name="testLoginButton" finished-at="2023-10-27T17:13:12 IST" duration-ms="20232" status="PASS">
          <reporter-output>
          </reporter-output>
        </test-method> <!-- testLoginButton -->
        <test-method signature="testValidUser()[pri:7, instance:com.gumtree.tests.LoginTest@75d3a5e0]" started-at="2023-10-27T17:13:12 IST" name="testValidUser" finished-at="2023-10-27T17:13:32 IST" duration-ms="20167" status="PASS">
          <reporter-output>
          </reporter-output>
        </test-method> <!-- testValidUser -->
        <test-method is-config="true" signature="tearDown()[pri:0, instance:com.gumtree.tests.LoginTest@75d3a5e0]" started-at="2023-10-27T17:13:32 IST" name="tearDown" finished-at="2023-10-27T17:13:32 IST" duration-ms="150" status="PASS">
          <reporter-output>
          </reporter-output>
        </test-method> <!-- tearDown -->
      </class> <!-- com.gumtree.tests.LoginTest -->
    </test> <!-- Default test -->
  </suite> <!-- Default suite -->
</testng-results>
