<?xml version="1.0" encoding="UTF-8"?>
<testng-results ignored="0" total="12" passed="11" failed="1" skipped="0">
  <reporter-output>
  </reporter-output>
  <suite started-at="2023-11-19T17:30:29 IST" name="Default suite" finished-at="2023-11-19T17:34:30 IST" duration-ms="241509">
    <groups>
    </groups>
    <test started-at="2023-11-19T17:30:29 IST" name="Default test" finished-at="2023-11-19T17:34:30 IST" duration-ms="241509">
      <class name="com.gumtree.tests.Cardiff_CityTest">
        <test-method is-config="true" signature="setUp()[pri:0, instance:com.gumtree.tests.Cardiff_CityTest@795509d9]" started-at="2023-11-19T17:30:29 IST" name="setUp" finished-at="2023-11-19T17:30:36 IST" duration-ms="6998" status="PASS">
          <reporter-output>
          </reporter-output>
        </test-method> <!-- setUp -->
        <test-method signature="testAccept()[pri:1, instance:com.gumtree.tests.Cardiff_CityTest@795509d9]" started-at="2023-11-19T17:30:36 IST" name="testAccept" finished-at="2023-11-19T17:30:36 IST" duration-ms="215" status="PASS">
          <reporter-output>
          </reporter-output>
        </test-method> <!-- testAccept -->
        <test-method signature="testCardiffCity()[pri:2, instance:com.gumtree.tests.Cardiff_CityTest@795509d9]" started-at="2023-11-19T17:30:36 IST" name="testCardiffCity" finished-at="2023-11-19T17:31:48 IST" duration-ms="72051" status="PASS">
          <reporter-output>
          </reporter-output>
        </test-method> <!-- testCardiffCity -->
        <test-method signature="testCardiffCityPage()[pri:3, instance:com.gumtree.tests.Cardiff_CityTest@795509d9]" started-at="2023-11-19T17:31:48 IST" name="testCardiffCityPage" finished-at="2023-11-19T17:31:48 IST" duration-ms="11" status="PASS">
          <reporter-output>
          </reporter-output>
        </test-method> <!-- testCardiffCityPage -->
        <test-method signature="testBritanniaSouthBank()[pri:4, instance:com.gumtree.tests.Cardiff_CityTest@795509d9]" started-at="2023-11-19T17:31:48 IST" name="testBritanniaSouthBank" finished-at="2023-11-19T17:32:09 IST" duration-ms="20336" status="PASS">
          <reporter-output>
          </reporter-output>
        </test-method> <!-- testBritanniaSouthBank -->
        <test-method signature="testBritanniaSouthBankPage()[pri:5, instance:com.gumtree.tests.Cardiff_CityTest@795509d9]" started-at="2023-11-19T17:32:09 IST" name="testBritanniaSouthBankPage" finished-at="2023-11-19T17:32:09 IST" duration-ms="144" status="FAIL">
          <exception class="java.lang.AssertionError">
            <message>
              <![CDATA[expected [true] but found [false]]]>
            </message>
            <full-stacktrace>
              <![CDATA[java.lang.AssertionError: expected [true] but found [false]
at org.testng.Assert.fail(Assert.java:110)
at org.testng.Assert.failNotEquals(Assert.java:1577)
at org.testng.Assert.assertTrue(Assert.java:56)
at org.testng.Assert.assertTrue(Assert.java:66)
at com.gumtree.tests.Cardiff_CityTest.testBritanniaSouthBankPage(Cardiff_CityTest.java:84)
at java.base/jdk.internal.reflect.NativeMethodAccessorImpl.invoke0(Native Method)
at java.base/jdk.internal.reflect.NativeMethodAccessorImpl.invoke(NativeMethodAccessorImpl.java:77)
at java.base/jdk.internal.reflect.DelegatingMethodAccessorImpl.invoke(DelegatingMethodAccessorImpl.java:43)
at java.base/java.lang.reflect.Method.invoke(Method.java:568)
at org.testng.internal.invokers.MethodInvocationHelper.invokeMethod(MethodInvocationHelper.java:139)
at org.testng.internal.invokers.TestInvoker.invokeMethod(TestInvoker.java:677)
at org.testng.internal.invokers.TestInvoker.invokeTestMethod(TestInvoker.java:221)
at org.testng.internal.invokers.MethodRunner.runInSequence(MethodRunner.java:50)
at org.testng.internal.invokers.TestInvoker$MethodInvocationAgent.invoke(TestInvoker.java:969)
at org.testng.internal.invokers.TestInvoker.invokeTestMethods(TestInvoker.java:194)
at org.testng.internal.invokers.TestMethodWorker.invokeTestMethods(TestMethodWorker.java:148)
at org.testng.internal.invokers.TestMethodWorker.run(TestMethodWorker.java:128)
at java.base/java.util.ArrayList.forEach(ArrayList.java:1511)
at org.testng.TestRunner.privateRun(TestRunner.java:829)
at org.testng.TestRunner.run(TestRunner.java:602)
at org.testng.SuiteRunner.runTest(SuiteRunner.java:437)
at org.testng.SuiteRunner.runSequentially(SuiteRunner.java:431)
at org.testng.SuiteRunner.privateRun(SuiteRunner.java:391)
at org.testng.SuiteRunner.run(SuiteRunner.java:330)
at org.testng.SuiteRunnerWorker.runSuite(SuiteRunnerWorker.java:52)
at org.testng.SuiteRunnerWorker.run(SuiteRunnerWorker.java:95)
at org.testng.TestNG.runSuitesSequentially(TestNG.java:1256)
at org.testng.TestNG.runSuitesLocally(TestNG.java:1176)
at org.testng.TestNG.runSuites(TestNG.java:1099)
at org.testng.TestNG.run(TestNG.java:1067)
at org.testng.remote.AbstractRemoteTestNG.run(AbstractRemoteTestNG.java:115)
at org.testng.remote.RemoteTestNG.initAndRun(RemoteTestNG.java:251)
at org.testng.remote.RemoteTestNG.main(RemoteTestNG.java:77)
]]>
            </full-stacktrace>
          </exception> <!-- java.lang.AssertionError -->
          <reporter-output>
          </reporter-output>
        </test-method> <!-- testBritanniaSouthBankPage -->
        <test-method signature="testViewRooms()[pri:6, instance:com.gumtree.tests.Cardiff_CityTest@795509d9]" started-at="2023-11-19T17:32:09 IST" name="testViewRooms" finished-at="2023-11-19T17:32:29 IST" duration-ms="20251" status="PASS">
          <reporter-output>
          </reporter-output>
        </test-method> <!-- testViewRooms -->
        <test-method signature="testStudio()[pri:7, instance:com.gumtree.tests.Cardiff_CityTest@795509d9]" started-at="2023-11-19T17:32:29 IST" name="testStudio" finished-at="2023-11-19T17:32:49 IST" duration-ms="20172" status="PASS">
          <reporter-output>
          </reporter-output>
        </test-method> <!-- testStudio -->
        <test-method signature="testEntirePlace()[pri:8, instance:com.gumtree.tests.Cardiff_CityTest@795509d9]" started-at="2023-11-19T17:32:49 IST" name="testEntirePlace" finished-at="2023-11-19T17:33:09 IST" duration-ms="20156" status="PASS">
          <reporter-output>
          </reporter-output>
        </test-method> <!-- testEntirePlace -->
        <test-method signature="testPrivateBathroom()[pri:9, instance:com.gumtree.tests.Cardiff_CityTest@795509d9]" started-at="2023-11-19T17:33:09 IST" name="testPrivateBathroom" finished-at="2023-11-19T17:33:30 IST" duration-ms="20250" status="PASS">
          <reporter-output>
          </reporter-output>
        </test-method> <!-- testPrivateBathroom -->
        <test-method signature="testPrivateKitchen()[pri:10, instance:com.gumtree.tests.Cardiff_CityTest@795509d9]" started-at="2023-11-19T17:33:30 IST" name="testPrivateKitchen" finished-at="2023-11-19T17:33:50 IST" duration-ms="20194" status="PASS">
          <reporter-output>
          </reporter-output>
        </test-method> <!-- testPrivateKitchen -->
        <test-method signature="testBedrooms()[pri:11, instance:com.gumtree.tests.Cardiff_CityTest@795509d9]" started-at="2023-11-19T17:33:50 IST" name="testBedrooms" finished-at="2023-11-19T17:34:10 IST" duration-ms="20160" status="PASS">
          <reporter-output>
          </reporter-output>
        </test-method> <!-- testBedrooms -->
        <test-method signature="testEnquiry()[pri:12, instance:com.gumtree.tests.Cardiff_CityTest@795509d9]" started-at="2023-11-19T17:34:10 IST" name="testEnquiry" finished-at="2023-11-19T17:34:30 IST" duration-ms="20319" status="PASS">
          <reporter-output>
          </reporter-output>
        </test-method> <!-- testEnquiry -->
        <test-method is-config="true" signature="tearDown()[pri:0, instance:com.gumtree.tests.Cardiff_CityTest@795509d9]" started-at="2023-11-19T17:34:30 IST" name="tearDown" finished-at="2023-11-19T17:34:30 IST" duration-ms="174" status="PASS">
          <reporter-output>
          </reporter-output>
        </test-method> <!-- tearDown -->
      </class> <!-- com.gumtree.tests.Cardiff_CityTest -->
    </test> <!-- Default test -->
  </suite> <!-- Default suite -->
</testng-results>
