<?xml version="1.0" encoding="UTF-8"?>
<testng-results ignored="0" total="8" passed="8" failed="0" skipped="0">
  <reporter-output>
  </reporter-output>
  <suite started-at="2023-10-27T16:26:22 IST" name="Default suite" finished-at="2023-10-27T16:27:09 IST" duration-ms="47724">
    <groups>
    </groups>
    <test started-at="2023-10-27T16:26:22 IST" name="Default test" finished-at="2023-10-27T16:27:09 IST" duration-ms="47724">
      <class name="com.gumtree.tests.RegisterTest">
        <test-method is-config="true" signature="setUp()[pri:0, instance:com.gumtree.tests.RegisterTest@7161d8d1]" started-at="2023-10-27T16:26:22 IST" name="setUp" finished-at="2023-10-27T16:26:28 IST" duration-ms="6598" status="PASS">
          <reporter-output>
          </reporter-output>
        </test-method> <!-- setUp -->
        <test-method signature="testAcceptButton()[pri:1, instance:com.gumtree.tests.RegisterTest@7161d8d1]" started-at="2023-10-27T16:26:28 IST" name="testAcceptButton" finished-at="2023-10-27T16:26:29 IST" duration-ms="229" status="PASS">
          <reporter-output>
          </reporter-output>
        </test-method> <!-- testAcceptButton -->
        <test-method signature="testRegister()[pri:2, instance:com.gumtree.tests.RegisterTest@7161d8d1]" started-at="2023-10-27T16:26:29 IST" name="testRegister" finished-at="2023-10-27T16:27:09 IST" duration-ms="40276" status="PASS">
          <reporter-output>
          </reporter-output>
        </test-method> <!-- testRegister -->
        <test-method signature="testCreateAccountPage()[pri:3, instance:com.gumtree.tests.RegisterTest@7161d8d1]" started-at="2023-10-27T16:27:09 IST" name="testCreateAccountPage" finished-at="2023-10-27T16:27:09 IST" duration-ms="25" status="PASS">
          <reporter-output>
          </reporter-output>
        </test-method> <!-- testCreateAccountPage -->
        <test-method signature="testFirstName()[pri:4, instance:com.gumtree.tests.RegisterTest@7161d8d1]" started-at="2023-10-27T16:27:09 IST" name="testFirstName" finished-at="2023-10-27T16:27:09 IST" duration-ms="124" status="PASS">
          <reporter-output>
          </reporter-output>
        </test-method> <!-- testFirstName -->
        <test-method signature="testLastName()[pri:5, instance:com.gumtree.tests.RegisterTest@7161d8d1]" started-at="2023-10-27T16:27:09 IST" name="testLastName" finished-at="2023-10-27T16:27:09 IST" duration-ms="117" status="PASS">
          <reporter-output>
          </reporter-output>
        </test-method> <!-- testLastName -->
        <test-method signature="testEmail()[pri:6, instance:com.gumtree.tests.RegisterTest@7161d8d1]" started-at="2023-10-27T16:27:09 IST" name="testEmail" finished-at="2023-10-27T16:27:09 IST" duration-ms="101" status="PASS">
          <reporter-output>
          </reporter-output>
        </test-method> <!-- testEmail -->
        <test-method signature="testPassword()[pri:7, instance:com.gumtree.tests.RegisterTest@7161d8d1]" started-at="2023-10-27T16:27:09 IST" name="testPassword" finished-at="2023-10-27T16:27:09 IST" duration-ms="85" status="PASS">
          <reporter-output>
          </reporter-output>
        </test-method> <!-- testPassword -->
        <test-method signature="testRegisterButton()[pri:8, instance:com.gumtree.tests.RegisterTest@7161d8d1]" started-at="2023-10-27T16:27:09 IST" name="testRegisterButton" finished-at="2023-10-27T16:27:09 IST" duration-ms="64" status="PASS">
          <reporter-output>
          </reporter-output>
        </test-method> <!-- testRegisterButton -->
      </class> <!-- com.gumtree.tests.RegisterTest -->
    </test> <!-- Default test -->
  </suite> <!-- Default suite -->
</testng-results>
