<?xml version="1.0" encoding="UTF-8"?>
<testng-results ignored="0" total="14" passed="13" failed="1" skipped="0">
  <reporter-output>
  </reporter-output>
  <suite started-at="2023-11-16T18:06:04 IST" name="Default suite" finished-at="2023-11-16T18:07:20 IST" duration-ms="76255">
    <groups>
    </groups>
    <test started-at="2023-11-16T18:06:04 IST" name="Default test" finished-at="2023-11-16T18:07:20 IST" duration-ms="76255">
      <class name="com.gumtree.tests.Cornwall_CityTest">
        <test-method is-config="true" signature="setUp()[pri:0, instance:com.gumtree.tests.Cornwall_CityTest@5149d738]" started-at="2023-11-16T18:06:04 IST" name="setUp" finished-at="2023-11-16T18:06:10 IST" duration-ms="6704" status="PASS">
          <reporter-output>
          </reporter-output>
        </test-method> <!-- setUp -->
        <test-method signature="testAccept()[pri:1, instance:com.gumtree.tests.Cornwall_CityTest@5149d738]" started-at="2023-11-16T18:06:10 IST" name="testAccept" finished-at="2023-11-16T18:06:11 IST" duration-ms="204" status="PASS">
          <reporter-output>
          </reporter-output>
        </test-method> <!-- testAccept -->
        <test-method signature="testCornwallCity()[pri:2, instance:com.gumtree.tests.Cornwall_CityTest@5149d738]" started-at="2023-11-16T18:06:11 IST" name="testCornwallCity" finished-at="2023-11-16T18:06:42 IST" duration-ms="31545" status="PASS">
          <reporter-output>
          </reporter-output>
        </test-method> <!-- testCornwallCity -->
        <test-method signature="testCornwallCityPage()[pri:3, instance:com.gumtree.tests.Cornwall_CityTest@5149d738]" started-at="2023-11-16T18:06:42 IST" name="testCornwallCityPage" finished-at="2023-11-16T18:06:42 IST" duration-ms="58" status="PASS">
          <reporter-output>
          </reporter-output>
        </test-method> <!-- testCornwallCityPage -->
        <test-method signature="testMotor()[pri:4, instance:com.gumtree.tests.Cornwall_CityTest@5149d738]" started-at="2023-11-16T18:06:42 IST" name="testMotor" finished-at="2023-11-16T18:06:45 IST" duration-ms="3197" status="PASS">
          <reporter-output>
          </reporter-output>
        </test-method> <!-- testMotor -->
        <test-method signature="testMotorPage()[pri:5, instance:com.gumtree.tests.Cornwall_CityTest@5149d738]" started-at="2023-11-16T18:06:45 IST" name="testMotorPage" finished-at="2023-11-16T18:06:45 IST" duration-ms="14" status="PASS">
          <reporter-output>
          </reporter-output>
        </test-method> <!-- testMotorPage -->
        <test-method signature="testCars()[pri:6, instance:com.gumtree.tests.Cornwall_CityTest@5149d738]" started-at="2023-11-16T18:06:45 IST" name="testCars" finished-at="2023-11-16T18:06:48 IST" duration-ms="2362" status="PASS">
          <reporter-output>
          </reporter-output>
        </test-method> <!-- testCars -->
        <test-method signature="testCarsPage()[pri:7, instance:com.gumtree.tests.Cornwall_CityTest@5149d738]" started-at="2023-11-16T18:06:48 IST" name="testCarsPage" finished-at="2023-11-16T18:06:48 IST" duration-ms="16" status="PASS">
          <reporter-output>
          </reporter-output>
        </test-method> <!-- testCarsPage -->
        <test-method signature="testAudi()[pri:8, instance:com.gumtree.tests.Cornwall_CityTest@5149d738]" started-at="2023-11-16T18:06:48 IST" name="testAudi" finished-at="2023-11-16T18:06:50 IST" duration-ms="2602" status="PASS">
          <reporter-output>
          </reporter-output>
        </test-method> <!-- testAudi -->
        <test-method signature="testAudiCarPage()[pri:9, instance:com.gumtree.tests.Cornwall_CityTest@5149d738]" started-at="2023-11-16T18:06:50 IST" name="testAudiCarPage" finished-at="2023-11-16T18:06:50 IST" duration-ms="27" status="PASS">
          <reporter-output>
          </reporter-output>
        </test-method> <!-- testAudiCarPage -->
        <test-method signature="testBlueAudi()[pri:10, instance:com.gumtree.tests.Cornwall_CityTest@5149d738]" started-at="2023-11-16T18:06:50 IST" name="testBlueAudi" finished-at="2023-11-16T18:07:07 IST" duration-ms="16369" status="PASS">
          <reporter-output>
          </reporter-output>
        </test-method> <!-- testBlueAudi -->
        <test-method signature="testBlueAudiCarPage()[pri:11, instance:com.gumtree.tests.Cornwall_CityTest@5149d738]" started-at="2023-11-16T18:07:07 IST" name="testBlueAudiCarPage" finished-at="2023-11-16T18:07:07 IST" duration-ms="7" status="PASS">
          <reporter-output>
          </reporter-output>
        </test-method> <!-- testBlueAudiCarPage -->
        <test-method signature="testBlueAudiQ2()[pri:12, instance:com.gumtree.tests.Cornwall_CityTest@5149d738]" started-at="2023-11-16T18:07:07 IST" name="testBlueAudiQ2" finished-at="2023-11-16T18:07:16 IST" duration-ms="8788" status="PASS">
          <reporter-output>
          </reporter-output>
        </test-method> <!-- testBlueAudiQ2 -->
        <test-method signature="testBlueAudiQ2CarPage()[pri:13, instance:com.gumtree.tests.Cornwall_CityTest@5149d738]" started-at="2023-11-16T18:07:16 IST" name="testBlueAudiQ2CarPage" finished-at="2023-11-16T18:07:16 IST" duration-ms="268" status="FAIL">
          <exception class="java.lang.AssertionError">
            <message>
              <![CDATA[expected [true] but found [false]]]>
            </message>
            <full-stacktrace>
              <![CDATA[java.lang.AssertionError: expected [true] but found [false]
at org.testng.Assert.fail(Assert.java:110)
at org.testng.Assert.failNotEquals(Assert.java:1577)
at org.testng.Assert.assertTrue(Assert.java:56)
at org.testng.Assert.assertTrue(Assert.java:66)
at com.gumtree.tests.Cornwall_CityTest.testBlueAudiQ2CarPage(Cornwall_CityTest.java:180)
at java.base/jdk.internal.reflect.NativeMethodAccessorImpl.invoke0(Native Method)
at java.base/jdk.internal.reflect.NativeMethodAccessorImpl.invoke(NativeMethodAccessorImpl.java:77)
at java.base/jdk.internal.reflect.DelegatingMethodAccessorImpl.invoke(DelegatingMethodAccessorImpl.java:43)
at java.base/java.lang.reflect.Method.invoke(Method.java:568)
at org.testng.internal.invokers.MethodInvocationHelper.invokeMethod(MethodInvocationHelper.java:139)
at org.testng.internal.invokers.TestInvoker.invokeMethod(TestInvoker.java:677)
at org.testng.internal.invokers.TestInvoker.invokeTestMethod(TestInvoker.java:221)
at org.testng.internal.invokers.MethodRunner.runInSequence(MethodRunner.java:50)
at org.testng.internal.invokers.TestInvoker$MethodInvocationAgent.invoke(TestInvoker.java:969)
at org.testng.internal.invokers.TestInvoker.invokeTestMethods(TestInvoker.java:194)
at org.testng.internal.invokers.TestMethodWorker.invokeTestMethods(TestMethodWorker.java:148)
at org.testng.internal.invokers.TestMethodWorker.run(TestMethodWorker.java:128)
at java.base/java.util.ArrayList.forEach(ArrayList.java:1511)
at org.testng.TestRunner.privateRun(TestRunner.java:829)
at org.testng.TestRunner.run(TestRunner.java:602)
at org.testng.SuiteRunner.runTest(SuiteRunner.java:437)
at org.testng.SuiteRunner.runSequentially(SuiteRunner.java:431)
at org.testng.SuiteRunner.privateRun(SuiteRunner.java:391)
at org.testng.SuiteRunner.run(SuiteRunner.java:330)
at org.testng.SuiteRunnerWorker.runSuite(SuiteRunnerWorker.java:52)
at org.testng.SuiteRunnerWorker.run(SuiteRunnerWorker.java:95)
at org.testng.TestNG.runSuitesSequentially(TestNG.java:1256)
at org.testng.TestNG.runSuitesLocally(TestNG.java:1176)
at org.testng.TestNG.runSuites(TestNG.java:1099)
at org.testng.TestNG.run(TestNG.java:1067)
at org.testng.remote.AbstractRemoteTestNG.run(AbstractRemoteTestNG.java:115)
at org.testng.remote.RemoteTestNG.initAndRun(RemoteTestNG.java:251)
at org.testng.remote.RemoteTestNG.main(RemoteTestNG.java:77)
]]>
            </full-stacktrace>
          </exception> <!-- java.lang.AssertionError -->
          <reporter-output>
          </reporter-output>
        </test-method> <!-- testBlueAudiQ2CarPage -->
        <test-method signature="testSendMessage()[pri:14, instance:com.gumtree.tests.Cornwall_CityTest@5149d738]" started-at="2023-11-16T18:07:16 IST" name="testSendMessage" finished-at="2023-11-16T18:07:20 IST" duration-ms="3830" status="PASS">
          <reporter-output>
          </reporter-output>
        </test-method> <!-- testSendMessage -->
        <test-method is-config="true" signature="tearDown()[pri:0, instance:com.gumtree.tests.Cornwall_CityTest@5149d738]" started-at="2023-11-16T18:07:20 IST" name="tearDown" finished-at="2023-11-16T18:07:20 IST" duration-ms="155" status="PASS">
          <reporter-output>
          </reporter-output>
        </test-method> <!-- tearDown -->
      </class> <!-- com.gumtree.tests.Cornwall_CityTest -->
    </test> <!-- Default test -->
  </suite> <!-- Default suite -->
</testng-results>
