<?xml version="1.0" encoding="UTF-8"?>
<testng-results ignored="0" total="13" passed="13" failed="0" skipped="0">
  <reporter-output>
  </reporter-output>
  <suite started-at="2023-11-13T16:55:32 IST" name="Default suite" finished-at="2023-11-13T16:57:33 IST" duration-ms="121170">
    <groups>
    </groups>
    <test started-at="2023-11-13T16:55:32 IST" name="Default test" finished-at="2023-11-13T16:57:33 IST" duration-ms="121170">
      <class name="com.gumtree.tests.GamingAndConsolesTest">
        <test-method is-config="true" signature="setUp()[pri:0, instance:com.gumtree.tests.GamingAndConsolesTest@53045c6c]" started-at="2023-11-13T16:55:32 IST" name="setUp" finished-at="2023-11-13T16:55:41 IST" duration-ms="8369" status="PASS">
          <reporter-output>
          </reporter-output>
        </test-method> <!-- setUp -->
        <test-method signature="testAccept()[pri:1, instance:com.gumtree.tests.GamingAndConsolesTest@53045c6c]" started-at="2023-11-13T16:55:41 IST" name="testAccept" finished-at="2023-11-13T16:55:41 IST" duration-ms="337" status="PASS">
          <reporter-output>
          </reporter-output>
        </test-method> <!-- testAccept -->
        <test-method signature="testGamingAndConsoles()[pri:2, instance:com.gumtree.tests.GamingAndConsolesTest@53045c6c]" started-at="2023-11-13T16:55:41 IST" name="testGamingAndConsoles" finished-at="2023-11-13T16:56:13 IST" duration-ms="32209" status="PASS">
          <reporter-output>
          </reporter-output>
        </test-method> <!-- testGamingAndConsoles -->
        <test-method signature="testGamingAndConsolesPage()[pri:3, instance:com.gumtree.tests.GamingAndConsolesTest@53045c6c]" started-at="2023-11-13T16:56:13 IST" name="testGamingAndConsolesPage" finished-at="2023-11-13T16:56:13 IST" duration-ms="14" status="PASS">
          <reporter-output>
          </reporter-output>
        </test-method> <!-- testGamingAndConsolesPage -->
        <test-method signature="testGames()[pri:4, instance:com.gumtree.tests.GamingAndConsolesTest@53045c6c]" started-at="2023-11-13T16:56:13 IST" name="testGames" finished-at="2023-11-13T16:56:42 IST" duration-ms="28987" status="PASS">
          <reporter-output>
          </reporter-output>
        </test-method> <!-- testGames -->
        <test-method signature="testGamesPage()[pri:5, instance:com.gumtree.tests.GamingAndConsolesTest@53045c6c]" started-at="2023-11-13T16:56:42 IST" name="testGamesPage" finished-at="2023-11-13T16:56:42 IST" duration-ms="41" status="PASS">
          <reporter-output>
          </reporter-output>
        </test-method> <!-- testGamesPage -->
        <test-method signature="testMinPrice()[pri:6, instance:com.gumtree.tests.GamingAndConsolesTest@53045c6c]" started-at="2023-11-13T16:56:42 IST" name="testMinPrice" finished-at="2023-11-13T16:56:42 IST" duration-ms="210" status="PASS">
          <reporter-output>
          </reporter-output>
        </test-method> <!-- testMinPrice -->
        <test-method signature="testMaxPrice()[pri:7, instance:com.gumtree.tests.GamingAndConsolesTest@53045c6c]" started-at="2023-11-13T16:56:42 IST" name="testMaxPrice" finished-at="2023-11-13T16:56:43 IST" duration-ms="386" status="PASS">
          <reporter-output>
          </reporter-output>
        </test-method> <!-- testMaxPrice -->
        <test-method signature="testUpdate()[pri:8, instance:com.gumtree.tests.GamingAndConsolesTest@53045c6c]" started-at="2023-11-13T16:56:43 IST" name="testUpdate" finished-at="2023-11-13T16:57:07 IST" duration-ms="24663" status="PASS">
          <reporter-output>
          </reporter-output>
        </test-method> <!-- testUpdate -->
        <test-method signature="testPricePage()[pri:9, instance:com.gumtree.tests.GamingAndConsolesTest@53045c6c]" started-at="2023-11-13T16:57:07 IST" name="testPricePage" finished-at="2023-11-13T16:57:07 IST" duration-ms="12" status="PASS">
          <reporter-output>
          </reporter-output>
        </test-method> <!-- testPricePage -->
        <test-method signature="testPcGaming()[pri:10, instance:com.gumtree.tests.GamingAndConsolesTest@53045c6c]" started-at="2023-11-13T16:57:07 IST" name="testPcGaming" finished-at="2023-11-13T16:57:33 IST" duration-ms="25211" status="PASS">
          <reporter-output>
          </reporter-output>
        </test-method> <!-- testPcGaming -->
        <test-method signature="testPcGamingPage()[pri:11, instance:com.gumtree.tests.GamingAndConsolesTest@53045c6c]" started-at="2023-11-13T16:57:33 IST" name="testPcGamingPage" finished-at="2023-11-13T16:57:33 IST" duration-ms="9" status="PASS">
          <reporter-output>
          </reporter-output>
        </test-method> <!-- testPcGamingPage -->
        <test-method signature="testUserName()[pri:12, instance:com.gumtree.tests.GamingAndConsolesTest@53045c6c]" started-at="2023-11-13T16:57:33 IST" name="testUserName" finished-at="2023-11-13T16:57:33 IST" duration-ms="42" status="PASS">
          <reporter-output>
          </reporter-output>
        </test-method> <!-- testUserName -->
        <test-method signature="testFavourite()[pri:13, instance:com.gumtree.tests.GamingAndConsolesTest@53045c6c]" started-at="2023-11-13T16:57:33 IST" name="testFavourite" finished-at="2023-11-13T16:57:33 IST" duration-ms="284" status="PASS">
          <reporter-output>
          </reporter-output>
        </test-method> <!-- testFavourite -->
        <test-method is-config="true" signature="tearDown()[pri:0, instance:com.gumtree.tests.GamingAndConsolesTest@53045c6c]" started-at="2023-11-13T16:57:33 IST" name="tearDown" finished-at="2023-11-13T16:57:33 IST" duration-ms="290" status="PASS">
          <reporter-output>
          </reporter-output>
        </test-method> <!-- tearDown -->
      </class> <!-- com.gumtree.tests.GamingAndConsolesTest -->
    </test> <!-- Default test -->
  </suite> <!-- Default suite -->
</testng-results>
