<?xml version="1.0" encoding="UTF-8"?>
<testng-results ignored="0" total="11" passed="11" failed="0" skipped="0">
  <reporter-output>
  </reporter-output>
  <suite started-at="2023-11-06T17:06:16 IST" name="Default suite" finished-at="2023-11-06T17:07:09 IST" duration-ms="53092">
    <groups>
    </groups>
    <test started-at="2023-11-06T17:06:16 IST" name="Default test" finished-at="2023-11-06T17:07:09 IST" duration-ms="53092">
      <class name="com.gumtree.tests.ServicesTest">
        <test-method is-config="true" signature="setUp()[pri:0, instance:com.gumtree.tests.ServicesTest@19e4653c]" started-at="2023-11-06T17:06:16 IST" name="setUp" finished-at="2023-11-06T17:06:24 IST" duration-ms="7513" status="PASS">
          <reporter-output>
          </reporter-output>
        </test-method> <!-- setUp -->
        <test-method signature="testServices()[pri:1, instance:com.gumtree.tests.ServicesTest@19e4653c]" started-at="2023-11-06T17:06:24 IST" name="testServices" finished-at="2023-11-06T17:06:59 IST" duration-ms="35485" status="PASS">
          <reporter-output>
          </reporter-output>
        </test-method> <!-- testServices -->
        <test-method signature="testPetServicePage()[pri:2, instance:com.gumtree.tests.ServicesTest@19e4653c]" started-at="2023-11-06T17:06:59 IST" name="testPetServicePage" finished-at="2023-11-06T17:06:59 IST" duration-ms="20" status="PASS">
          <reporter-output>
          </reporter-output>
        </test-method> <!-- testPetServicePage -->
        <test-method signature="testChooseDistance()[pri:3, instance:com.gumtree.tests.ServicesTest@19e4653c]" started-at="2023-11-06T17:06:59 IST" name="testChooseDistance" finished-at="2023-11-06T17:07:00 IST" duration-ms="128" status="PASS">
          <reporter-output>
          </reporter-output>
        </test-method> <!-- testChooseDistance -->
        <test-method signature="testSelectDistance()[pri:4, instance:com.gumtree.tests.ServicesTest@19e4653c]" started-at="2023-11-06T17:07:00 IST" name="testSelectDistance" finished-at="2023-11-06T17:07:00 IST" duration-ms="142" status="PASS">
          <reporter-output>
          </reporter-output>
        </test-method> <!-- testSelectDistance -->
        <test-method signature="testUpdate()[pri:5, instance:com.gumtree.tests.ServicesTest@19e4653c]" started-at="2023-11-06T17:07:00 IST" name="testUpdate" finished-at="2023-11-06T17:07:03 IST" duration-ms="3070" status="PASS">
          <reporter-output>
          </reporter-output>
        </test-method> <!-- testUpdate -->
        <test-method signature="testDistancePage()[pri:6, instance:com.gumtree.tests.ServicesTest@19e4653c]" started-at="2023-11-06T17:07:03 IST" name="testDistancePage" finished-at="2023-11-06T17:07:03 IST" duration-ms="18" status="PASS">
          <reporter-output>
          </reporter-output>
        </test-method> <!-- testDistancePage -->
        <test-method signature="testPetsitter()[pri:7, instance:com.gumtree.tests.ServicesTest@19e4653c]" started-at="2023-11-06T17:07:03 IST" name="testPetsitter" finished-at="2023-11-06T17:07:06 IST" duration-ms="3132" status="PASS">
          <reporter-output>
          </reporter-output>
        </test-method> <!-- testPetsitter -->
        <test-method signature="testPetsitterPage()[pri:8, instance:com.gumtree.tests.ServicesTest@19e4653c]" started-at="2023-11-06T17:07:06 IST" name="testPetsitterPage" finished-at="2023-11-06T17:07:06 IST" duration-ms="31" status="PASS">
          <reporter-output>
          </reporter-output>
        </test-method> <!-- testPetsitterPage -->
        <test-method signature="testTheAvesHotel()[pri:9, instance:com.gumtree.tests.ServicesTest@19e4653c]" started-at="2023-11-06T17:07:06 IST" name="testTheAvesHotel" finished-at="2023-11-06T17:07:09 IST" duration-ms="3138" status="PASS">
          <reporter-output>
          </reporter-output>
        </test-method> <!-- testTheAvesHotel -->
        <test-method signature="testTheAvesHotelPage()[pri:10, instance:com.gumtree.tests.ServicesTest@19e4653c]" started-at="2023-11-06T17:07:09 IST" name="testTheAvesHotelPage" finished-at="2023-11-06T17:07:09 IST" duration-ms="11" status="PASS">
          <reporter-output>
          </reporter-output>
        </test-method> <!-- testTheAvesHotelPage -->
        <test-method signature="testFavourite()[pri:11, instance:com.gumtree.tests.ServicesTest@19e4653c]" started-at="2023-11-06T17:07:09 IST" name="testFavourite" finished-at="2023-11-06T17:07:09 IST" duration-ms="90" status="PASS">
          <reporter-output>
          </reporter-output>
        </test-method> <!-- testFavourite -->
        <test-method is-config="true" signature="tearDown()[pri:0, instance:com.gumtree.tests.ServicesTest@19e4653c]" started-at="2023-11-06T17:07:09 IST" name="tearDown" finished-at="2023-11-06T17:07:09 IST" duration-ms="193" status="PASS">
          <reporter-output>
          </reporter-output>
        </test-method> <!-- tearDown -->
      </class> <!-- com.gumtree.tests.ServicesTest -->
    </test> <!-- Default test -->
  </suite> <!-- Default suite -->
</testng-results>
