<?xml version="1.0" encoding="UTF-8"?>
<testng-results ignored="0" total="11" passed="11" failed="0" skipped="0">
  <reporter-output>
  </reporter-output>
  <suite started-at="2023-11-14T22:13:06 IST" name="Default suite" finished-at="2023-11-14T22:15:18 IST" duration-ms="131742">
    <groups>
    </groups>
    <test started-at="2023-11-14T22:13:06 IST" name="Default test" finished-at="2023-11-14T22:15:18 IST" duration-ms="131742">
      <class name="com.gumtree.tests.AffordableRunAroundsTest">
        <test-method is-config="true" signature="setUp()[pri:0, instance:com.gumtree.tests.AffordableRunAroundsTest@19e4653c]" started-at="2023-11-14T22:13:07 IST" name="setUp" finished-at="2023-11-14T22:13:14 IST" duration-ms="7322" status="PASS">
          <reporter-output>
          </reporter-output>
        </test-method> <!-- setUp -->
        <test-method signature="testAccept()[pri:1, instance:com.gumtree.tests.AffordableRunAroundsTest@19e4653c]" started-at="2023-11-14T22:13:14 IST" name="testAccept" finished-at="2023-11-14T22:13:14 IST" duration-ms="264" status="PASS">
          <reporter-output>
          </reporter-output>
        </test-method> <!-- testAccept -->
        <test-method signature="testAffordableRunArounds()[pri:2, instance:com.gumtree.tests.AffordableRunAroundsTest@19e4653c]" started-at="2023-11-14T22:13:14 IST" name="testAffordableRunArounds" finished-at="2023-11-14T22:13:48 IST" duration-ms="33647" status="PASS">
          <reporter-output>
          </reporter-output>
        </test-method> <!-- testAffordableRunArounds -->
        <test-method signature="testAffordableCarsPage()[pri:3, instance:com.gumtree.tests.AffordableRunAroundsTest@19e4653c]" started-at="2023-11-14T22:13:48 IST" name="testAffordableCarsPage" finished-at="2023-11-14T22:13:48 IST" duration-ms="15" status="PASS">
          <reporter-output>
          </reporter-output>
        </test-method> <!-- testAffordableCarsPage -->
        <test-method signature="testAudi()[pri:4, instance:com.gumtree.tests.AffordableRunAroundsTest@19e4653c]" started-at="2023-11-14T22:13:48 IST" name="testAudi" finished-at="2023-11-14T22:14:18 IST" duration-ms="30322" status="PASS">
          <reporter-output>
          </reporter-output>
        </test-method> <!-- testAudi -->
        <test-method signature="testAudiPage()[pri:5, instance:com.gumtree.tests.AffordableRunAroundsTest@19e4653c]" started-at="2023-11-14T22:14:18 IST" name="testAudiPage" finished-at="2023-11-14T22:14:18 IST" duration-ms="17" status="PASS">
          <reporter-output>
          </reporter-output>
        </test-method> <!-- testAudiPage -->
        <test-method signature="testYear()[pri:6, instance:com.gumtree.tests.AffordableRunAroundsTest@19e4653c]" started-at="2023-11-14T22:14:18 IST" name="testYear" finished-at="2023-11-14T22:14:44 IST" duration-ms="25610" status="PASS">
          <reporter-output>
          </reporter-output>
        </test-method> <!-- testYear -->
        <test-method signature="testYearPage()[pri:7, instance:com.gumtree.tests.AffordableRunAroundsTest@19e4653c]" started-at="2023-11-14T22:14:44 IST" name="testYearPage" finished-at="2023-11-14T22:14:44 IST" duration-ms="13" status="PASS">
          <reporter-output>
          </reporter-output>
        </test-method> <!-- testYearPage -->
        <test-method signature="testAudiBLKEdition()[pri:8, instance:com.gumtree.tests.AffordableRunAroundsTest@19e4653c]" started-at="2023-11-14T22:14:44 IST" name="testAudiBLKEdition" finished-at="2023-11-14T22:15:09 IST" duration-ms="24827" status="PASS">
          <reporter-output>
          </reporter-output>
        </test-method> <!-- testAudiBLKEdition -->
        <test-method signature="testAudiBLKEditionPage()[pri:9, instance:com.gumtree.tests.AffordableRunAroundsTest@19e4653c]" started-at="2023-11-14T22:15:09 IST" name="testAudiBLKEditionPage" finished-at="2023-11-14T22:15:09 IST" duration-ms="9" status="PASS">
          <reporter-output>
          </reporter-output>
        </test-method> <!-- testAudiBLKEditionPage -->
        <test-method signature="testSenderMessage()[pri:10, instance:com.gumtree.tests.AffordableRunAroundsTest@19e4653c]" started-at="2023-11-14T22:15:09 IST" name="testSenderMessage" finished-at="2023-11-14T22:15:09 IST" duration-ms="44" status="PASS">
          <reporter-output>
          </reporter-output>
        </test-method> <!-- testSenderMessage -->
        <test-method signature="testSendMessage()[pri:11, instance:com.gumtree.tests.AffordableRunAroundsTest@19e4653c]" started-at="2023-11-14T22:15:09 IST" name="testSendMessage" finished-at="2023-11-14T22:15:18 IST" duration-ms="9351" status="PASS">
          <reporter-output>
          </reporter-output>
        </test-method> <!-- testSendMessage -->
        <test-method is-config="true" signature="tearDown()[pri:0, instance:com.gumtree.tests.AffordableRunAroundsTest@19e4653c]" started-at="2023-11-14T22:15:18 IST" name="tearDown" finished-at="2023-11-14T22:15:18 IST" duration-ms="219" status="PASS">
          <reporter-output>
          </reporter-output>
        </test-method> <!-- tearDown -->
      </class> <!-- com.gumtree.tests.AffordableRunAroundsTest -->
    </test> <!-- Default test -->
  </suite> <!-- Default suite -->
</testng-results>
