<?xml version="1.0" encoding="UTF-8"?>
<testng-results ignored="0" total="8" passed="8" failed="0" skipped="0">
  <reporter-output>
  </reporter-output>
  <suite started-at="2023-10-26T18:19:07 IST" name="Default suite" finished-at="2023-10-26T18:19:25 IST" duration-ms="17761">
    <groups>
    </groups>
    <test started-at="2023-10-26T18:19:07 IST" name="Default test" finished-at="2023-10-26T18:19:25 IST" duration-ms="17761">
      <class name="com.gumtree.tests.HomeTest">
        <test-method is-config="true" signature="setUp()[pri:0, instance:com.gumtree.tests.HomeTest@74e28667]" started-at="2023-10-26T18:19:07 IST" name="setUp" finished-at="2023-10-26T18:19:18 IST" duration-ms="11005" status="PASS">
          <reporter-output>
          </reporter-output>
        </test-method> <!-- setUp -->
        <test-method signature="testCompanyLogo()[pri:1, instance:com.gumtree.tests.HomeTest@74e28667]" started-at="2023-10-26T18:19:18 IST" name="testCompanyLogo" finished-at="2023-10-26T18:19:18 IST" duration-ms="106" status="PASS">
          <reporter-output>
          </reporter-output>
        </test-method> <!-- testCompanyLogo -->
        <test-method signature="testSearchBox()[pri:2, instance:com.gumtree.tests.HomeTest@74e28667]" started-at="2023-10-26T18:19:18 IST" name="testSearchBox" finished-at="2023-10-26T18:19:18 IST" duration-ms="36" status="PASS">
          <reporter-output>
          </reporter-output>
        </test-method> <!-- testSearchBox -->
        <test-method signature="testLoginAndRegister()[pri:3, instance:com.gumtree.tests.HomeTest@74e28667]" started-at="2023-10-26T18:19:18 IST" name="testLoginAndRegister" finished-at="2023-10-26T18:19:18 IST" duration-ms="38" status="PASS">
          <reporter-output>
          </reporter-output>
        </test-method> <!-- testLoginAndRegister -->
        <test-method signature="testTopLocations()[pri:4, instance:com.gumtree.tests.HomeTest@74e28667]" started-at="2023-10-26T18:19:18 IST" name="testTopLocations" finished-at="2023-10-26T18:19:18 IST" duration-ms="56" status="PASS">
          <reporter-output>
          </reporter-output>
        </test-method> <!-- testTopLocations -->
        <test-method signature="testAboutUs()[pri:5, instance:com.gumtree.tests.HomeTest@74e28667]" started-at="2023-10-26T18:19:18 IST" name="testAboutUs" finished-at="2023-10-26T18:19:18 IST" duration-ms="46" status="PASS">
          <reporter-output>
          </reporter-output>
        </test-method> <!-- testAboutUs -->
        <test-method signature="testAcceptButton()[pri:6, instance:com.gumtree.tests.HomeTest@74e28667]" started-at="2023-10-26T18:19:18 IST" name="testAcceptButton" finished-at="2023-10-26T18:19:18 IST" duration-ms="159" status="PASS">
          <reporter-output>
          </reporter-output>
        </test-method> <!-- testAcceptButton -->
        <test-method signature="testAboutUsLink()[pri:7, instance:com.gumtree.tests.HomeTest@74e28667]" started-at="2023-10-26T18:19:18 IST" name="testAboutUsLink" finished-at="2023-10-26T18:19:24 IST" duration-ms="6044" status="PASS">
          <reporter-output>
          </reporter-output>
        </test-method> <!-- testAboutUsLink -->
        <test-method signature="testAboutUsPage()[pri:8, instance:com.gumtree.tests.HomeTest@74e28667]" started-at="2023-10-26T18:19:24 IST" name="testAboutUsPage" finished-at="2023-10-26T18:19:24 IST" duration-ms="30" status="PASS">
          <reporter-output>
          </reporter-output>
        </test-method> <!-- testAboutUsPage -->
        <test-method is-config="true" signature="tearDown()[pri:0, instance:com.gumtree.tests.HomeTest@74e28667]" started-at="2023-10-26T18:19:24 IST" name="tearDown" finished-at="2023-10-26T18:19:25 IST" duration-ms="156" status="PASS">
          <reporter-output>
          </reporter-output>
        </test-method> <!-- tearDown -->
      </class> <!-- com.gumtree.tests.HomeTest -->
    </test> <!-- Default test -->
  </suite> <!-- Default suite -->
</testng-results>
