<?xml version="1.0" encoding="UTF-8"?>
<testng-results ignored="0" total="9" passed="9" failed="0" skipped="0">
  <reporter-output>
  </reporter-output>
  <suite started-at="2023-11-08T17:48:06 IST" name="Default suite" finished-at="2023-11-08T17:49:16 IST" duration-ms="69762">
    <groups>
    </groups>
    <test started-at="2023-11-08T17:48:06 IST" name="Default test" finished-at="2023-11-08T17:49:16 IST" duration-ms="69762">
      <class name="com.gumtree.tests.PetsTest">
        <test-method is-config="true" signature="setUp()[pri:0, instance:com.gumtree.tests.PetsTest@1cf6d1be]" started-at="2023-11-08T17:48:06 IST" name="setUp" finished-at="2023-11-08T17:48:12 IST" duration-ms="5511" status="PASS">
          <reporter-output>
          </reporter-output>
        </test-method> <!-- setUp -->
        <test-method signature="testPets()[pri:1, instance:com.gumtree.tests.PetsTest@1cf6d1be]" started-at="2023-11-08T17:48:12 IST" name="testPets" finished-at="2023-11-08T17:48:48 IST" duration-ms="35524" status="PASS">
          <reporter-output>
          </reporter-output>
        </test-method> <!-- testPets -->
        <test-method signature="testPetMissingPage()[pri:2, instance:com.gumtree.tests.PetsTest@1cf6d1be]" started-at="2023-11-08T17:48:48 IST" name="testPetMissingPage" finished-at="2023-11-08T17:48:48 IST" duration-ms="29" status="PASS">
          <reporter-output>
          </reporter-output>
        </test-method> <!-- testPetMissingPage -->
        <test-method signature="testLocation()[pri:3, instance:com.gumtree.tests.PetsTest@1cf6d1be]" started-at="2023-11-08T17:48:48 IST" name="testLocation" finished-at="2023-11-08T17:48:54 IST" duration-ms="6227" status="PASS">
          <reporter-output>
          </reporter-output>
        </test-method> <!-- testLocation -->
        <test-method signature="testLocationPage()[pri:4, instance:com.gumtree.tests.PetsTest@1cf6d1be]" started-at="2023-11-08T17:48:54 IST" name="testLocationPage" finished-at="2023-11-08T17:48:54 IST" duration-ms="30" status="PASS">
          <reporter-output>
          </reporter-output>
        </test-method> <!-- testLocationPage -->
        <test-method signature="testGingerTomCat()[pri:5, instance:com.gumtree.tests.PetsTest@1cf6d1be]" started-at="2023-11-08T17:48:54 IST" name="testGingerTomCat" finished-at="2023-11-08T17:49:15 IST" duration-ms="21418" status="PASS">
          <reporter-output>
          </reporter-output>
        </test-method> <!-- testGingerTomCat -->
        <test-method signature="testGingerTomCatPage()[pri:6, instance:com.gumtree.tests.PetsTest@1cf6d1be]" started-at="2023-11-08T17:49:15 IST" name="testGingerTomCatPage" finished-at="2023-11-08T17:49:15 IST" duration-ms="12" status="PASS">
          <reporter-output>
          </reporter-output>
        </test-method> <!-- testGingerTomCatPage -->
        <test-method signature="testNextButton()[pri:7, instance:com.gumtree.tests.PetsTest@1cf6d1be]" started-at="2023-11-08T17:49:15 IST" name="testNextButton" finished-at="2023-11-08T17:49:15 IST" duration-ms="138" status="PASS">
          <reporter-output>
          </reporter-output>
        </test-method> <!-- testNextButton -->
        <test-method signature="testAdId()[pri:8, instance:com.gumtree.tests.PetsTest@1cf6d1be]" started-at="2023-11-08T17:49:15 IST" name="testAdId" finished-at="2023-11-08T17:49:16 IST" duration-ms="185" status="PASS">
          <reporter-output>
          </reporter-output>
        </test-method> <!-- testAdId -->
        <test-method signature="testFacebook()[pri:9, instance:com.gumtree.tests.PetsTest@1cf6d1be]" started-at="2023-11-08T17:49:16 IST" name="testFacebook" finished-at="2023-11-08T17:49:16 IST" duration-ms="156" status="PASS">
          <reporter-output>
          </reporter-output>
        </test-method> <!-- testFacebook -->
        <test-method is-config="true" signature="tearDown()[pri:0, instance:com.gumtree.tests.PetsTest@1cf6d1be]" started-at="2023-11-08T17:49:16 IST" name="tearDown" finished-at="2023-11-08T17:49:16 IST" duration-ms="422" status="PASS">
          <reporter-output>
          </reporter-output>
        </test-method> <!-- tearDown -->
      </class> <!-- com.gumtree.tests.PetsTest -->
    </test> <!-- Default test -->
  </suite> <!-- Default suite -->
</testng-results>
