<?xml version="1.0" encoding="UTF-8"?>
<testng-results ignored="0" total="10" passed="9" failed="1" skipped="0">
  <reporter-output>
  </reporter-output>
  <suite started-at="2023-10-31T17:53:38 IST" name="Default suite" finished-at="2023-10-31T17:56:48 IST" duration-ms="190050">
    <groups>
    </groups>
    <test started-at="2023-10-31T17:53:38 IST" name="Default test" finished-at="2023-10-31T17:56:48 IST" duration-ms="190050">
      <class name="com.gumtree.tests.CarsTest">
        <test-method is-config="true" signature="setUp()[pri:0, instance:com.gumtree.tests.CarsTest@663c9e7a]" started-at="2023-10-31T17:53:38 IST" name="setUp" finished-at="2023-10-31T17:54:11 IST" duration-ms="33002" status="PASS">
          <reporter-output>
          </reporter-output>
        </test-method> <!-- setUp -->
        <test-method signature="testCar()[pri:1, instance:com.gumtree.tests.CarsTest@663c9e7a]" started-at="2023-10-31T17:54:11 IST" name="testCar" finished-at="2023-10-31T17:55:03 IST" duration-ms="52144" status="PASS">
          <reporter-output>
          </reporter-output>
        </test-method> <!-- testCar -->
        <test-method signature="testVanPage()[pri:2, instance:com.gumtree.tests.CarsTest@663c9e7a]" started-at="2023-10-31T17:55:03 IST" name="testVanPage" finished-at="2023-10-31T17:55:03 IST" duration-ms="33" status="PASS">
          <reporter-output>
          </reporter-output>
        </test-method> <!-- testVanPage -->
        <test-method signature="testMostRecent()[pri:3, instance:com.gumtree.tests.CarsTest@663c9e7a]" started-at="2023-10-31T17:55:03 IST" name="testMostRecent" finished-at="2023-10-31T17:55:06 IST" duration-ms="3225" status="PASS">
          <reporter-output>
          </reporter-output>
        </test-method> <!-- testMostRecent -->
        <test-method signature="testHighestPriceFirstPagePage()[pri:4, instance:com.gumtree.tests.CarsTest@663c9e7a]" started-at="2023-10-31T17:55:06 IST" name="testHighestPriceFirstPagePage" finished-at="2023-10-31T17:55:07 IST" duration-ms="255" status="FAIL">
          <exception class="java.lang.AssertionError">
            <message>
              <![CDATA[expected [true] but found [false]]]>
            </message>
            <full-stacktrace>
              <![CDATA[java.lang.AssertionError: expected [true] but found [false]
at org.testng.Assert.fail(Assert.java:110)
at org.testng.Assert.failNotEquals(Assert.java:1577)
at org.testng.Assert.assertTrue(Assert.java:56)
at org.testng.Assert.assertTrue(Assert.java:66)
at com.gumtree.tests.CarsTest.testHighestPriceFirstPagePage(CarsTest.java:72)
at java.base/jdk.internal.reflect.NativeMethodAccessorImpl.invoke0(Native Method)
at java.base/jdk.internal.reflect.NativeMethodAccessorImpl.invoke(NativeMethodAccessorImpl.java:77)
at java.base/jdk.internal.reflect.DelegatingMethodAccessorImpl.invoke(DelegatingMethodAccessorImpl.java:43)
at java.base/java.lang.reflect.Method.invoke(Method.java:568)
at org.testng.internal.invokers.MethodInvocationHelper.invokeMethod(MethodInvocationHelper.java:139)
at org.testng.internal.invokers.TestInvoker.invokeMethod(TestInvoker.java:677)
at org.testng.internal.invokers.TestInvoker.invokeTestMethod(TestInvoker.java:221)
at org.testng.internal.invokers.MethodRunner.runInSequence(MethodRunner.java:50)
at org.testng.internal.invokers.TestInvoker$MethodInvocationAgent.invoke(TestInvoker.java:969)
at org.testng.internal.invokers.TestInvoker.invokeTestMethods(TestInvoker.java:194)
at org.testng.internal.invokers.TestMethodWorker.invokeTestMethods(TestMethodWorker.java:148)
at org.testng.internal.invokers.TestMethodWorker.run(TestMethodWorker.java:128)
at java.base/java.util.ArrayList.forEach(ArrayList.java:1511)
at org.testng.TestRunner.privateRun(TestRunner.java:829)
at org.testng.TestRunner.run(TestRunner.java:602)
at org.testng.SuiteRunner.runTest(SuiteRunner.java:437)
at org.testng.SuiteRunner.runSequentially(SuiteRunner.java:431)
at org.testng.SuiteRunner.privateRun(SuiteRunner.java:391)
at org.testng.SuiteRunner.run(SuiteRunner.java:330)
at org.testng.SuiteRunnerWorker.runSuite(SuiteRunnerWorker.java:52)
at org.testng.SuiteRunnerWorker.run(SuiteRunnerWorker.java:95)
at org.testng.TestNG.runSuitesSequentially(TestNG.java:1256)
at org.testng.TestNG.runSuitesLocally(TestNG.java:1176)
at org.testng.TestNG.runSuites(TestNG.java:1099)
at org.testng.TestNG.run(TestNG.java:1067)
at org.testng.remote.AbstractRemoteTestNG.run(AbstractRemoteTestNG.java:115)
at org.testng.remote.RemoteTestNG.initAndRun(RemoteTestNG.java:251)
at org.testng.remote.RemoteTestNG.main(RemoteTestNG.java:77)
]]>
            </full-stacktrace>
          </exception> <!-- java.lang.AssertionError -->
          <reporter-output>
          </reporter-output>
        </test-method> <!-- testHighestPriceFirstPagePage -->
        <test-method signature="testFordVan()[pri:5, instance:com.gumtree.tests.CarsTest@663c9e7a]" started-at="2023-10-31T17:55:07 IST" name="testFordVan" finished-at="2023-10-31T17:55:27 IST" duration-ms="20143" status="PASS">
          <reporter-output>
          </reporter-output>
        </test-method> <!-- testFordVan -->
        <test-method signature="testsendMessageButton()[pri:6, instance:com.gumtree.tests.CarsTest@663c9e7a]" started-at="2023-10-31T17:55:27 IST" name="testsendMessageButton" finished-at="2023-10-31T17:55:27 IST" duration-ms="96" status="PASS">
          <reporter-output>
          </reporter-output>
        </test-method> <!-- testsendMessageButton -->
        <test-method signature="testDeposit()[pri:7, instance:com.gumtree.tests.CarsTest@663c9e7a]" started-at="2023-10-31T17:55:27 IST" name="testDeposit" finished-at="2023-10-31T17:55:47 IST" duration-ms="20209" status="PASS">
          <reporter-output>
          </reporter-output>
        </test-method> <!-- testDeposit -->
        <test-method signature="testRepaymentMonths()[pri:8, instance:com.gumtree.tests.CarsTest@663c9e7a]" started-at="2023-10-31T17:55:47 IST" name="testRepaymentMonths" finished-at="2023-10-31T17:56:07 IST" duration-ms="20204" status="PASS">
          <reporter-output>
          </reporter-output>
        </test-method> <!-- testRepaymentMonths -->
        <test-method signature="testCreditScore()[pri:9, instance:com.gumtree.tests.CarsTest@663c9e7a]" started-at="2023-10-31T17:56:07 IST" name="testCreditScore" finished-at="2023-10-31T17:56:27 IST" duration-ms="20192" status="PASS">
          <reporter-output>
          </reporter-output>
        </test-method> <!-- testCreditScore -->
        <test-method signature="testApplyNow()[pri:10, instance:com.gumtree.tests.CarsTest@663c9e7a]" started-at="2023-10-31T17:56:27 IST" name="testApplyNow" finished-at="2023-10-31T17:56:48 IST" duration-ms="20229" status="PASS">
          <reporter-output>
          </reporter-output>
        </test-method> <!-- testApplyNow -->
        <test-method is-config="true" signature="tearDown()[pri:0, instance:com.gumtree.tests.CarsTest@663c9e7a]" started-at="2023-10-31T17:56:48 IST" name="tearDown" finished-at="2023-10-31T17:56:48 IST" duration-ms="198" status="PASS">
          <reporter-output>
          </reporter-output>
        </test-method> <!-- tearDown -->
      </class> <!-- com.gumtree.tests.CarsTest -->
    </test> <!-- Default test -->
  </suite> <!-- Default suite -->
</testng-results>
