<?xml version="1.0" encoding="UTF-8"?>
<!-- Generated by org.testng.reporters.JUnitReportReporter -->
<testsuite hostname="LAPTOP-POCHI3TQ" failures="0" tests="16" name="com.gumtree.tests.JobsTest" time="72.661" errors="0" timestamp="2023-11-04T17:49:33 IST" skipped="0">
  <testcase classname="com.gumtree.tests.JobsTest" name="testJobs" time="39.030"/>
  <system-out/>
  <testcase classname="com.gumtree.tests.JobsTest" name="testEngineeringJobsPage" time="0.029"/>
  <system-out/>
  <testcase classname="com.gumtree.tests.JobsTest" name="testMechanicalEngineeringJobs" time="2.951"/>
  <system-out/>
  <testcase classname="com.gumtree.tests.JobsTest" name="testMechanicalEngineeringJobsPage" time="0.014"/>
  <system-out/>
  <testcase classname="com.gumtree.tests.JobsTest" name="testPermantJobs" time="1.824"/>
  <system-out/>
  <testcase classname="com.gumtree.tests.JobsTest" name="testPermantJobsPage" time="0.012"/>
  <system-out/>
  <testcase classname="com.gumtree.tests.JobsTest" name="testExperience" time="2.711"/>
  <system-out/>
  <testcase classname="com.gumtree.tests.JobsTest" name="testExperienceJobsPage" time="0.013"/>
  <system-out/>
  <testcase classname="com.gumtree.tests.JobsTest" name="testWorkshopOperative" time="2.358"/>
  <system-out/>
  <testcase classname="com.gumtree.tests.JobsTest" name="testWorkshopOperativePage" time="0.014"/>
  <system-out/>
  <testcase classname="com.gumtree.tests.JobsTest" name="testApply" time="0.070"/>
  <system-out/>
  <testcase classname="com.gumtree.tests.JobsTest" name="testReplyPage" time="3.053"/>
  <system-out/>
  <testcase classname="com.gumtree.tests.JobsTest" name="testSenderDetails" time="0.220"/>
  <system-out/>
  <testcase classname="com.gumtree.tests.JobsTest" name="testCoverLetter" time="0.171"/>
  <system-out/>
  <testcase classname="com.gumtree.tests.JobsTest" name="testSend" time="0.048"/>
  <system-out/>
  <testcase classname="com.gumtree.tests.JobsTest" name="testSucessMessage" time="20.143"/>
  <system-out/>
</testsuite> <!-- com.gumtree.tests.JobsTest -->
