<?xml version="1.0" encoding="UTF-8"?>
<!-- Generated by org.testng.reporters.JUnitReportReporter -->
<testsuite hostname="LAPTOP-POCHI3TQ" failures="0" tests="12" name="com.gumtree.tests.LatestJobsTest" time="67.466" errors="0" timestamp="2023-11-10T17:18:09 IST" skipped="0">
  <testcase classname="com.gumtree.tests.LatestJobsTest" name="testAccept" time="0.790"/>
  <system-out/>
  <testcase classname="com.gumtree.tests.LatestJobsTest" name="testLatestJobs" time="31.563"/>
  <system-out/>
  <testcase classname="com.gumtree.tests.LatestJobsTest" name="testLatestJobsPage" time="0.038"/>
  <system-out/>
  <testcase classname="com.gumtree.tests.LatestJobsTest" name="testTeachingAndEducation" time="27.440"/>
  <system-out/>
  <testcase classname="com.gumtree.tests.LatestJobsTest" name="testTeachingJobsPage" time="0.008"/>
  <system-out/>
  <testcase classname="com.gumtree.tests.LatestJobsTest" name="testTutor" time="3.246"/>
  <system-out/>
  <testcase classname="com.gumtree.tests.LatestJobsTest" name="testTutorPage" time="0.018"/>
  <system-out/>
  <testcase classname="com.gumtree.tests.LatestJobsTest" name="testPermanent" time="1.895"/>
  <system-out/>
  <testcase classname="com.gumtree.tests.LatestJobsTest" name="testPermanentJobsPage" time="0.015"/>
  <system-out/>
  <testcase classname="com.gumtree.tests.LatestJobsTest" name="testSupportWorker" time="2.378"/>
  <system-out/>
  <testcase classname="com.gumtree.tests.LatestJobsTest" name="testSupportWorkerPage" time="0.010"/>
  <system-out/>
  <testcase classname="com.gumtree.tests.LatestJobsTest" name="testApply" time="0.065"/>
  <system-out/>
</testsuite> <!-- com.gumtree.tests.LatestJobsTest -->
