<?xml version="1.0" encoding="UTF-8"?>
<!-- Generated by org.testng.reporters.JUnitReportReporter -->
<testsuite hostname="LAPTOP-POCHI3TQ" failures="0" tests="8" name="com.gumtree.tests.HomeTest" time="6.515" errors="0" timestamp="2023-10-26T18:19:25 IST" skipped="0">
  <testcase classname="com.gumtree.tests.HomeTest" name="testCompanyLogo" time="0.106"/>
  <system-out/>
  <testcase classname="com.gumtree.tests.HomeTest" name="testSearchBox" time="0.036"/>
  <system-out/>
  <testcase classname="com.gumtree.tests.HomeTest" name="testLoginAndRegister" time="0.038"/>
  <system-out/>
  <testcase classname="com.gumtree.tests.HomeTest" name="testTopLocations" time="0.056"/>
  <system-out/>
  <testcase classname="com.gumtree.tests.HomeTest" name="testAboutUs" time="0.046"/>
  <system-out/>
  <testcase classname="com.gumtree.tests.HomeTest" name="testAcceptButton" time="0.159"/>
  <system-out/>
  <testcase classname="com.gumtree.tests.HomeTest" name="testAboutUsLink" time="6.044"/>
  <system-out/>
  <testcase classname="com.gumtree.tests.HomeTest" name="testAboutUsPage" time="0.030"/>
  <system-out/>
</testsuite> <!-- com.gumtree.tests.HomeTest -->
