<?xml version="1.0" encoding="UTF-8"?>
<!-- Generated by org.testng.reporters.JUnitReportReporter -->
<testsuite hostname="LAPTOP-POCHI3TQ" failures="0" tests="7" name="com.gumtree.tests.LoginTest" time="97.577" errors="0" timestamp="2023-10-27T17:13:32 IST" skipped="0">
  <testcase classname="com.gumtree.tests.LoginTest" name="testAcceptButton" time="0.168"/>
  <system-out/>
  <testcase classname="com.gumtree.tests.LoginTest" name="testLogin" time="16.563"/>
  <system-out/>
  <testcase classname="com.gumtree.tests.LoginTest" name="testLoginPage" time="0.019"/>
  <system-out/>
  <testcase classname="com.gumtree.tests.LoginTest" name="testEmail" time="20.215"/>
  <system-out/>
  <testcase classname="com.gumtree.tests.LoginTest" name="testPassword" time="20.213"/>
  <system-out/>
  <testcase classname="com.gumtree.tests.LoginTest" name="testLoginButton" time="20.232"/>
  <system-out/>
  <testcase classname="com.gumtree.tests.LoginTest" name="testValidUser" time="20.167"/>
  <system-out/>
</testsuite> <!-- com.gumtree.tests.LoginTest -->
