<?xml version="1.0" encoding="UTF-8"?>
<!-- Generated by org.testng.reporters.JUnitReportReporter -->
<testsuite hostname="LAPTOP-POCHI3TQ" failures="0" tests="7" name="com.gumtree.tests.LoginTest" time="97.744" errors="0" timestamp="2023-10-27T18:35:01 IST" skipped="0">
  <testcase classname="com.gumtree.tests.LoginTest" name="testAcceptButton" time="0.187"/>
  <system-out/>
  <testcase classname="com.gumtree.tests.LoginTest" name="testLogin" time="16.927"/>
  <system-out/>
  <testcase classname="com.gumtree.tests.LoginTest" name="testLoginPage" time="0.012"/>
  <system-out/>
  <testcase classname="com.gumtree.tests.LoginTest" name="testEmail" time="20.102"/>
  <system-out/>
  <testcase classname="com.gumtree.tests.LoginTest" name="testPassword" time="20.188"/>
  <system-out/>
  <testcase classname="com.gumtree.tests.LoginTest" name="testLoginButton" time="20.162"/>
  <system-out/>
  <testcase classname="com.gumtree.tests.LoginTest" name="testValidUser" time="20.166"/>
  <system-out/>
</testsuite> <!-- com.gumtree.tests.LoginTest -->
