<?xml version="1.0" encoding="UTF-8"?>
<!-- Generated by org.testng.reporters.JUnitReportReporter -->
<testsuite hostname="LAPTOP-POCHI3TQ" failures="0" tests="9" name="com.gumtree.tests.PetsTest" time="63.719" errors="0" timestamp="2023-11-08T17:49:16 IST" skipped="0">
  <testcase classname="com.gumtree.tests.PetsTest" name="testPets" time="35.524"/>
  <system-out/>
  <testcase classname="com.gumtree.tests.PetsTest" name="testPetMissingPage" time="0.029"/>
  <system-out/>
  <testcase classname="com.gumtree.tests.PetsTest" name="testLocation" time="6.227"/>
  <system-out/>
  <testcase classname="com.gumtree.tests.PetsTest" name="testLocationPage" time="0.030"/>
  <system-out/>
  <testcase classname="com.gumtree.tests.PetsTest" name="testGingerTomCat" time="21.418"/>
  <system-out/>
  <testcase classname="com.gumtree.tests.PetsTest" name="testGingerTomCatPage" time="0.012"/>
  <system-out/>
  <testcase classname="com.gumtree.tests.PetsTest" name="testNextButton" time="0.138"/>
  <system-out/>
  <testcase classname="com.gumtree.tests.PetsTest" name="testAdId" time="0.185"/>
  <system-out/>
  <testcase classname="com.gumtree.tests.PetsTest" name="testFacebook" time="0.156"/>
  <system-out/>
</testsuite> <!-- com.gumtree.tests.PetsTest -->
