<?xml version="1.0" encoding="UTF-8"?>
<!-- Generated by org.testng.reporters.JUnitReportReporter -->
<testsuite hostname="LAPTOP-POCHI3TQ" failures="0" tests="13" name="com.gumtree.tests.GamingAndConsolesTest" time="112.405" errors="0" timestamp="2023-11-13T16:57:34 IST" skipped="0">
  <testcase classname="com.gumtree.tests.GamingAndConsolesTest" name="testAccept" time="0.337"/>
  <system-out/>
  <testcase classname="com.gumtree.tests.GamingAndConsolesTest" name="testGamingAndConsoles" time="32.209"/>
  <system-out/>
  <testcase classname="com.gumtree.tests.GamingAndConsolesTest" name="testGamingAndConsolesPage" time="0.014"/>
  <system-out/>
  <testcase classname="com.gumtree.tests.GamingAndConsolesTest" name="testGames" time="28.987"/>
  <system-out/>
  <testcase classname="com.gumtree.tests.GamingAndConsolesTest" name="testGamesPage" time="0.041"/>
  <system-out/>
  <testcase classname="com.gumtree.tests.GamingAndConsolesTest" name="testMinPrice" time="0.210"/>
  <system-out/>
  <testcase classname="com.gumtree.tests.GamingAndConsolesTest" name="testMaxPrice" time="0.386"/>
  <system-out/>
  <testcase classname="com.gumtree.tests.GamingAndConsolesTest" name="testUpdate" time="24.663"/>
  <system-out/>
  <testcase classname="com.gumtree.tests.GamingAndConsolesTest" name="testPricePage" time="0.012"/>
  <system-out/>
  <testcase classname="com.gumtree.tests.GamingAndConsolesTest" name="testPcGaming" time="25.211"/>
  <system-out/>
  <testcase classname="com.gumtree.tests.GamingAndConsolesTest" name="testPcGamingPage" time="0.009"/>
  <system-out/>
  <testcase classname="com.gumtree.tests.GamingAndConsolesTest" name="testUserName" time="0.042"/>
  <system-out/>
  <testcase classname="com.gumtree.tests.GamingAndConsolesTest" name="testFavourite" time="0.284"/>
  <system-out/>
</testsuite> <!-- com.gumtree.tests.GamingAndConsolesTest -->
