<?xml version="1.0" encoding="UTF-8"?>
<!-- Generated by org.testng.reporters.JUnitReportReporter -->
<testsuite hostname="LAPTOP-POCHI3TQ" failures="0" tests="8" name="com.gumtree.tests.RegisterTest" time="41.021" errors="0" timestamp="2023-10-27T16:27:10 IST" skipped="0">
  <testcase classname="com.gumtree.tests.RegisterTest" name="testAcceptButton" time="0.229"/>
  <system-out/>
  <testcase classname="com.gumtree.tests.RegisterTest" name="testRegister" time="40.276"/>
  <system-out/>
  <testcase classname="com.gumtree.tests.RegisterTest" name="testCreateAccountPage" time="0.025"/>
  <system-out/>
  <testcase classname="com.gumtree.tests.RegisterTest" name="testFirstName" time="0.124"/>
  <system-out/>
  <testcase classname="com.gumtree.tests.RegisterTest" name="testLastName" time="0.117"/>
  <system-out/>
  <testcase classname="com.gumtree.tests.RegisterTest" name="testEmail" time="0.101"/>
  <system-out/>
  <testcase classname="com.gumtree.tests.RegisterTest" name="testPassword" time="0.085"/>
  <system-out/>
  <testcase classname="com.gumtree.tests.RegisterTest" name="testRegisterButton" time="0.064"/>
  <system-out/>
</testsuite> <!-- com.gumtree.tests.RegisterTest -->
