<?xml version="1.0" encoding="UTF-8"?>
<!-- Generated by org.testng.reporters.JUnitReportReporter -->
<testsuite hostname="LAPTOP-POCHI3TQ" failures="0" tests="11" name="com.gumtree.tests.ServicesTest" time="45.265" errors="0" timestamp="2023-11-06T17:07:10 IST" skipped="0">
  <testcase classname="com.gumtree.tests.ServicesTest" name="testServices" time="35.485"/>
  <system-out/>
  <testcase classname="com.gumtree.tests.ServicesTest" name="testPetServicePage" time="0.020"/>
  <system-out/>
  <testcase classname="com.gumtree.tests.ServicesTest" name="testChooseDistance" time="0.128"/>
  <system-out/>
  <testcase classname="com.gumtree.tests.ServicesTest" name="testSelectDistance" time="0.142"/>
  <system-out/>
  <testcase classname="com.gumtree.tests.ServicesTest" name="testUpdate" time="3.070"/>
  <system-out/>
  <testcase classname="com.gumtree.tests.ServicesTest" name="testDistancePage" time="0.018"/>
  <system-out/>
  <testcase classname="com.gumtree.tests.ServicesTest" name="testPetsitter" time="3.132"/>
  <system-out/>
  <testcase classname="com.gumtree.tests.ServicesTest" name="testPetsitterPage" time="0.031"/>
  <system-out/>
  <testcase classname="com.gumtree.tests.ServicesTest" name="testTheAvesHotel" time="3.138"/>
  <system-out/>
  <testcase classname="com.gumtree.tests.ServicesTest" name="testTheAvesHotelPage" time="0.011"/>
  <system-out/>
  <testcase classname="com.gumtree.tests.ServicesTest" name="testFavourite" time="0.090"/>
  <system-out/>
</testsuite> <!-- com.gumtree.tests.ServicesTest -->
