<?xml version="1.0" encoding="UTF-8"?>
<!-- Generated by org.testng.reporters.JUnitReportReporter -->
<testsuite hostname="LAPTOP-POCHI3TQ" failures="0" tests="11" name="com.gumtree.tests.AffordableRunAroundsTest" time="124.119" errors="0" timestamp="2023-11-14T22:15:18 IST" skipped="0">
  <testcase classname="com.gumtree.tests.AffordableRunAroundsTest" name="testAccept" time="0.264"/>
  <system-out/>
  <testcase classname="com.gumtree.tests.AffordableRunAroundsTest" name="testAffordableRunArounds" time="33.647"/>
  <system-out/>
  <testcase classname="com.gumtree.tests.AffordableRunAroundsTest" name="testAffordableCarsPage" time="0.015"/>
  <system-out/>
  <testcase classname="com.gumtree.tests.AffordableRunAroundsTest" name="testAudi" time="30.322"/>
  <system-out/>
  <testcase classname="com.gumtree.tests.AffordableRunAroundsTest" name="testAudiPage" time="0.017"/>
  <system-out/>
  <testcase classname="com.gumtree.tests.AffordableRunAroundsTest" name="testYear" time="25.610"/>
  <system-out/>
  <testcase classname="com.gumtree.tests.AffordableRunAroundsTest" name="testYearPage" time="0.013"/>
  <system-out/>
  <testcase classname="com.gumtree.tests.AffordableRunAroundsTest" name="testAudiBLKEdition" time="24.827"/>
  <system-out/>
  <testcase classname="com.gumtree.tests.AffordableRunAroundsTest" name="testAudiBLKEditionPage" time="0.009"/>
  <system-out/>
  <testcase classname="com.gumtree.tests.AffordableRunAroundsTest" name="testSenderMessage" time="0.044"/>
  <system-out/>
  <testcase classname="com.gumtree.tests.AffordableRunAroundsTest" name="testSendMessage" time="9.351"/>
  <system-out/>
</testsuite> <!-- com.gumtree.tests.AffordableRunAroundsTest -->
