<?xml version="1.0" encoding="UTF-8"?>
<!-- Generated by org.testng.reporters.JUnitReportReporter -->
<testsuite hostname="LAPTOP-POCHI3TQ" failures="1" tests="14" name="com.gumtree.tests.Cornwall_CityTest" time="69.287" errors="0" timestamp="2023-11-16T18:07:20 IST" skipped="0">
  <testcase classname="com.gumtree.tests.Cornwall_CityTest" name="testAccept" time="0.204"/>
  <system-out/>
  <testcase classname="com.gumtree.tests.Cornwall_CityTest" name="testCornwallCity" time="31.545"/>
  <system-out/>
  <testcase classname="com.gumtree.tests.Cornwall_CityTest" name="testCornwallCityPage" time="0.058"/>
  <system-out/>
  <testcase classname="com.gumtree.tests.Cornwall_CityTest" name="testMotor" time="3.197"/>
  <system-out/>
  <testcase classname="com.gumtree.tests.Cornwall_CityTest" name="testMotorPage" time="0.014"/>
  <system-out/>
  <testcase classname="com.gumtree.tests.Cornwall_CityTest" name="testCars" time="2.362"/>
  <system-out/>
  <testcase classname="com.gumtree.tests.Cornwall_CityTest" name="testCarsPage" time="0.016"/>
  <system-out/>
  <testcase classname="com.gumtree.tests.Cornwall_CityTest" name="testAudi" time="2.602"/>
  <system-out/>
  <testcase classname="com.gumtree.tests.Cornwall_CityTest" name="testAudiCarPage" time="0.027"/>
  <system-out/>
  <testcase classname="com.gumtree.tests.Cornwall_CityTest" name="testBlueAudi" time="16.369"/>
  <system-out/>
  <testcase classname="com.gumtree.tests.Cornwall_CityTest" name="testBlueAudiCarPage" time="0.007"/>
  <system-out/>
  <testcase classname="com.gumtree.tests.Cornwall_CityTest" name="testBlueAudiQ2" time="8.788"/>
  <system-out/>
  <testcase classname="com.gumtree.tests.Cornwall_CityTest" name="testBlueAudiQ2CarPage" time="0.268">
    <failure message="expected [true] but found [false]" type="java.lang.AssertionError">
      <![CDATA[java.lang.AssertionError: expected [true] but found [false]
at org.testng.Assert.fail(Assert.java:110)
at org.testng.Assert.failNotEquals(Assert.java:1577)
at org.testng.Assert.assertTrue(Assert.java:56)
at org.testng.Assert.assertTrue(Assert.java:66)
at com.gumtree.tests.Cornwall_CityTest.testBlueAudiQ2CarPage(Cornwall_CityTest.java:180)
at java.base/jdk.internal.reflect.NativeMethodAccessorImpl.invoke0(Native Method)
at java.base/jdk.internal.reflect.NativeMethodAccessorImpl.invoke(NativeMethodAccessorImpl.java:77)
at java.base/jdk.internal.reflect.DelegatingMethodAccessorImpl.invoke(DelegatingMethodAccessorImpl.java:43)
at java.base/java.lang.reflect.Method.invoke(Method.java:568)
at org.testng.internal.invokers.MethodInvocationHelper.invokeMethod(MethodInvocationHelper.java:139)
at org.testng.internal.invokers.TestInvoker.invokeMethod(TestInvoker.java:677)
at org.testng.internal.invokers.TestInvoker.invokeTestMethod(TestInvoker.java:221)
at org.testng.internal.invokers.MethodRunner.runInSequence(MethodRunner.java:50)
at org.testng.internal.invokers.TestInvoker$MethodInvocationAgent.invoke(TestInvoker.java:969)
at org.testng.internal.invokers.TestInvoker.invokeTestMethods(TestInvoker.java:194)
at org.testng.internal.invokers.TestMethodWorker.invokeTestMethods(TestMethodWorker.java:148)
at org.testng.internal.invokers.TestMethodWorker.run(TestMethodWorker.java:128)
at java.base/java.util.ArrayList.forEach(ArrayList.java:1511)
at org.testng.TestRunner.privateRun(TestRunner.java:829)
at org.testng.TestRunner.run(TestRunner.java:602)
at org.testng.SuiteRunner.runTest(SuiteRunner.java:437)
at org.testng.SuiteRunner.runSequentially(SuiteRunner.java:431)
at org.testng.SuiteRunner.privateRun(SuiteRunner.java:391)
at org.testng.SuiteRunner.run(SuiteRunner.java:330)
at org.testng.SuiteRunnerWorker.runSuite(SuiteRunnerWorker.java:52)
at org.testng.SuiteRunnerWorker.run(SuiteRunnerWorker.java:95)
at org.testng.TestNG.runSuitesSequentially(TestNG.java:1256)
at org.testng.TestNG.runSuitesLocally(TestNG.java:1176)
at org.testng.TestNG.runSuites(TestNG.java:1099)
at org.testng.TestNG.run(TestNG.java:1067)
at org.testng.remote.AbstractRemoteTestNG.run(AbstractRemoteTestNG.java:115)
at org.testng.remote.RemoteTestNG.initAndRun(RemoteTestNG.java:251)
at org.testng.remote.RemoteTestNG.main(RemoteTestNG.java:77)
]]>
    </failure>
  </testcase> <!-- testBlueAudiQ2CarPage -->
  <system-out/>
  <testcase classname="com.gumtree.tests.Cornwall_CityTest" name="testSendMessage" time="3.830"/>
  <system-out/>
</testsuite> <!-- com.gumtree.tests.Cornwall_CityTest -->
