<?xml version="1.0" encoding="UTF-8"?>
<!-- Generated by org.testng.reporters.JUnitReportReporter -->
<testsuite hostname="LAPTOP-POCHI3TQ" failures="0" tests="15" name="com.gumtree.tests.PropertyTest" time="86.715" errors="0" timestamp="2023-11-03T17:58:38 IST" skipped="0">
  <testcase classname="com.gumtree.tests.PropertyTest" name="testProperty" time="35.833"/>
  <system-out/>
  <testcase classname="com.gumtree.tests.PropertyTest" name="testInternationalPage" time="0.019"/>
  <system-out/>
  <testcase classname="com.gumtree.tests.PropertyTest" name="testchooseDistance" time="0.166"/>
  <system-out/>
  <testcase classname="com.gumtree.tests.PropertyTest" name="testselectDistance" time="0.116"/>
  <system-out/>
  <testcase classname="com.gumtree.tests.PropertyTest" name="testUpadateDistance" time="24.496"/>
  <system-out/>
  <testcase classname="com.gumtree.tests.PropertyTest" name="testDistancePage" time="0.026"/>
  <system-out/>
  <testcase classname="com.gumtree.tests.PropertyTest" name="testMin" time="0.202"/>
  <system-out/>
  <testcase classname="com.gumtree.tests.PropertyTest" name="testMinPrice" time="0.176"/>
  <system-out/>
  <testcase classname="com.gumtree.tests.PropertyTest" name="testMax" time="0.260"/>
  <system-out/>
  <testcase classname="com.gumtree.tests.PropertyTest" name="testMaxPrice" time="0.059"/>
  <system-out/>
  <testcase classname="com.gumtree.tests.PropertyTest" name="testUpdate" time="3.990"/>
  <system-out/>
  <testcase classname="com.gumtree.tests.PropertyTest" name="testPricePage" time="0.044"/>
  <system-out/>
  <testcase classname="com.gumtree.tests.PropertyTest" name="testHouseGarden" time="21.248"/>
  <system-out/>
  <testcase classname="com.gumtree.tests.PropertyTest" name="testHouseGardenPage" time="0.009"/>
  <system-out/>
  <testcase classname="com.gumtree.tests.PropertyTest" name="testFavourite" time="0.071"/>
  <system-out/>
</testsuite> <!-- com.gumtree.tests.PropertyTest -->
